# JRE version: OpenJDK Runtime Environment Temurin-17.0.8.1+1 (17.0.8.1+1) (build 17.0.8.1+1)
# Java VM: OpenJDK 64-Bit Server VM Temurin-17.0.8.1+1 (17.0.8.1+1, mixed mode, emulated-client, tiered, compressed oops, compressed class ptrs, g1 gc, windows-amd64)
GC Precious Log:
 CPUs: 12 total, 12 available
 Memory: 16080M
 Large Page Support: Disabled
 NUMA Support: Disabled
 Compressed Oops: Enabled (32-bit)
 Heap Region Size: 1M
 Heap Min Capacity: 8M
 Heap Initial Capacity: 252M
 Heap Max Capacity: 1G
 Pre-touch: Disabled
 Parallel Workers: 10
 Concurrent Workers: 3
 Concurrent Refinement Workers: 10
 Periodic GC: Disabled
Heap:
 garbage-first heap   total 71680K, used 20068K [0x00000000c0000000, 0x0000000100000000)
  region size 1024K, 1 young (1024K), 0 survivors (0K)
 Metaspace       used 45007K, committed 45696K, reserved 1114112K
  class space    used 5995K, committed 6272K, reserved 1048576K
GC Heap History (20 events):
Event: 2541.988 GC heap before
{Heap before GC invocations=98 (full 87):
 garbage-first heap   total 71680K, used 20076K [0x00000000c0000000, 0x0000000100000000)
  region size 1024K, 1 young (1024K), 0 survivors (0K)
 Metaspace       used 45007K, committed 45696K, reserved 1114112K
  class space    used 5995K, committed 6272K, reserved 1048576K
}
Event: 2542.005 GC heap after
{Heap after GC invocations=99 (full 88):
 garbage-first heap   total 71680K, used 20076K [0x00000000c0000000, 0x0000000100000000)
  region size 1024K, 0 young (0K), 0 survivors (0K)
 Metaspace       used 45007K, committed 45696K, reserved 1114112K
  class space    used 5995K, committed 6272K, reserved 1048576K
}
Event: 2552.236 GC heap before
{Heap before GC invocations=99 (full 88):
 garbage-first heap   total 71680K, used 20076K [0x00000000c0000000, 0x0000000100000000)
  region size 1024K, 1 young (1024K), 0 survivors (0K)
 Metaspace       used 45007K, committed 45696K, reserved 1114112K
  class space    used 5995K, committed 6272K, reserved 1048576K
}
Event: 2552.257 GC heap after
{Heap after GC invocations=100 (full 89):
 garbage-first heap   total 71680K, used 20076K [0x00000000c0000000, 0x0000000100000000)
  region size 1024K, 0 young (0K), 0 survivors (0K)
 Metaspace       used 45007K, committed 45696K, reserved 1114112K
  class space    used 5995K, committed 6272K, reserved 1048576K
}
Event: 2562.501 GC heap before
{Heap before GC invocations=100 (full 89):
 garbage-first heap   total 71680K, used 20076K [0x00000000c0000000, 0x0000000100000000)
  region size 1024K, 1 young (1024K), 0 survivors (0K)
 Metaspace       used 45007K, committed 45696K, reserved 1114112K
  class space    used 5995K, committed 6272K, reserved 1048576K
}
Event: 2562.519 GC heap after
{Heap after GC invocations=101 (full 90):
 garbage-first heap   total 71680K, used 20076K [0x00000000c0000000, 0x0000000100000000)
  region size 1024K, 0 young (0K), 0 survivors (0K)
 Metaspace       used 45007K, committed 45696K, reserved 1114112K
  class space    used 5995K, committed 6272K, reserved 1048576K
}
Event: 2572.758 GC heap before
{Heap before GC invocations=101 (full 90):
 garbage-first heap   total 71680K, used 20076K [0x00000000c0000000, 0x0000000100000000)
  region size 1024K, 1 young (1024K), 0 survivors (0K)
 Metaspace       used 45007K, committed 45696K, reserved 1114112K
  class space    used 5995K, committed 6272K, reserved 1048576K
}
Event: 2572.775 GC heap after
{Heap after GC invocations=102 (full 91):
 garbage-first heap   total 71680K, used 20076K [0x00000000c0000000, 0x0000000100000000)
  region size 1024K, 0 young (0K), 0 survivors (0K)
 Metaspace       used 45007K, committed 45696K, reserved 1114112K
  class space    used 5995K, committed 6272K, reserved 1048576K
}
Event: 2583.000 GC heap before
{Heap before GC invocations=102 (full 91):
 garbage-first heap   total 71680K, used 20076K [0x00000000c0000000, 0x0000000100000000)
  region size 1024K, 1 young (1024K), 0 survivors (0K)
 Metaspace       used 45007K, committed 45696K, reserved 1114112K
  class space    used 5995K, committed 6272K, reserved 1048576K
}
Event: 2583.017 GC heap after
{Heap after GC invocations=103 (full 92):
 garbage-first heap   total 71680K, used 20076K [0x00000000c0000000, 0x0000000100000000)
  region size 1024K, 0 young (0K), 0 survivors (0K)
 Metaspace       used 45007K, committed 45696K, reserved 1114112K
  class space    used 5995K, committed 6272K, reserved 1048576K
}
Event: 2593.252 GC heap before
{Heap before GC invocations=103 (full 92):
 garbage-first heap   total 71680K, used 20076K [0x00000000c0000000, 0x0000000100000000)
  region size 1024K, 1 young (1024K), 0 survivors (0K)
 Metaspace       used 45007K, committed 45696K, reserved 1114112K
  class space    used 5995K, committed 6272K, reserved 1048576K
}
Event: 2593.272 GC heap after
{Heap after GC invocations=104 (full 93):
 garbage-first heap   total 71680K, used 20077K [0x00000000c0000000, 0x0000000100000000)
  region size 1024K, 0 young (0K), 0 survivors (0K)
 Metaspace       used 45007K, committed 45696K, reserved 1114112K
  class space    used 5995K, committed 6272K, reserved 1048576K
}
Event: 2603.602 GC heap before
{Heap before GC invocations=104 (full 93):
 garbage-first heap   total 71680K, used 20077K [0x00000000c0000000, 0x0000000100000000)
  region size 1024K, 1 young (1024K), 0 survivors (0K)
 Metaspace       used 45007K, committed 45696K, reserved 1114112K
  class space    used 5995K, committed 6272K, reserved 1048576K
}
Event: 2603.622 GC heap after
{Heap after GC invocations=105 (full 94):
 garbage-first heap   total 71680K, used 20068K [0x00000000c0000000, 0x0000000100000000)
  region size 1024K, 0 young (0K), 0 survivors (0K)
 Metaspace       used 45007K, committed 45696K, reserved 1114112K
  class space    used 5995K, committed 6272K, reserved 1048576K
}
Event: 2613.870 GC heap before
{Heap before GC invocations=105 (full 94):
 garbage-first heap   total 71680K, used 20068K [0x00000000c0000000, 0x0000000100000000)
  region size 1024K, 1 young (1024K), 0 survivors (0K)
 Metaspace       used 45007K, committed 45696K, reserved 1114112K
  class space    used 5995K, committed 6272K, reserved 1048576K
}
Event: 2613.890 GC heap after
{Heap after GC invocations=106 (full 95):
 garbage-first heap   total 71680K, used 20068K [0x00000000c0000000, 0x0000000100000000)
  region size 1024K, 0 young (0K), 0 survivors (0K)
 Metaspace       used 45007K, committed 45696K, reserved 1114112K
  class space    used 5995K, committed 6272K, reserved 1048576K
}
Event: 2624.337 GC heap before
{Heap before GC invocations=106 (full 95):
 garbage-first heap   total 71680K, used 20068K [0x00000000c0000000, 0x0000000100000000)
  region size 1024K, 1 young (1024K), 0 survivors (0K)
 Metaspace       used 45007K, committed 45696K, reserved 1114112K
  class space    used 5995K, committed 6272K, reserved 1048576K
}
Event: 2624.369 GC heap after
{Heap after GC invocations=107 (full 96):
 garbage-first heap   total 71680K, used 20068K [0x00000000c0000000, 0x0000000100000000)
  region size 1024K, 0 young (0K), 0 survivors (0K)
 Metaspace       used 45007K, committed 45696K, reserved 1114112K
  class space    used 5995K, committed 6272K, reserved 1048576K
}
Event: 2634.820 GC heap before
{Heap before GC invocations=107 (full 96):
 garbage-first heap   total 71680K, used 20068K [0x00000000c0000000, 0x0000000100000000)
  region size 1024K, 1 young (1024K), 0 survivors (0K)
 Metaspace       used 45007K, committed 45696K, reserved 1114112K
  class space    used 5995K, committed 6272K, reserved 1048576K
}
Event: 2634.852 GC heap after
{Heap after GC invocations=108 (full 97):
 garbage-first heap   total 71680K, used 20068K [0x00000000c0000000, 0x0000000100000000)
  region size 1024K, 0 young (0K), 0 survivors (0K)
 Metaspace       used 45007K, committed 45696K, reserved 1114112K
  class space    used 5995K, committed 6272K, reserved 1048576K
}

